# JRE version: Java(TM) SE Runtime Environment (8.0_201-b09) (build 1.8.0_201-b09)
# Java VM: Java HotSpot(TM) 64-Bit Server VM (25.201-b09 mixed mode linux-amd64 compressed oops)
Heap:
 PSYoungGen      total 104448K, used 52520K [0x00000000f5580000, 0x00000000ffc80000, 0x0000000100000000)
  eden space 95232K, 54% used [0x00000000f5580000,0x00000000f883b208,0x00000000fb280000)
  from space 9216K, 6% used [0x00000000fb280000,0x00000000fb30ee30,0x00000000fbb80000)
  to   space 9216K, 0% used [0x00000000ff380000,0x00000000ff380000,0x00000000ffc80000)
 ParOldGen       total 81920K, used 10966K [0x00000000e0000000, 0x00000000e5000000, 0x00000000f5580000)
  object space 81920K, 13% used [0x00000000e0000000,0x00000000e0ab5830,0x00000000e5000000)
 Metaspace       used 14447K, capacity 14860K, committed 15104K, reserved 1062912K
  class space    used 1585K, capacity 1707K, committed 1792K, reserved 1048576K
GC Heap History (10 events):
Event: 6.716 GC heap before
{Heap before GC invocations=7 (full 0):
 PSYoungGen      total 38400K, used 36412K [0x00000000f5580000, 0x00000000fa280000, 0x0000000100000000)
  eden space 29696K, 100% used [0x00000000f5580000,0x00000000f7280000,0x00000000f7280000)
  from space 8704K, 77% used [0x00000000f7b80000,0x00000000f820f2f8,0x00000000f8400000)
  to   space 9216K, 0% used [0x00000000f7280000,0x00000000f7280000,0x00000000f7b80000)
 ParOldGen       total 81920K, used 4953K [0x00000000e0000000, 0x00000000e5000000, 0x00000000f5580000)
  object space 81920K, 6% used [0x00000000e0000000,0x00000000e04d6618,0x00000000e5000000)
 Metaspace       used 14045K, capacity 14356K, committed 14592K, reserved 1062912K
  class space    used 1578K, capacity 1675K, committed 1792K, reserved 1048576K
Event: 6.727 GC heap after
Heap after GC invocations=7 (full 0):
 PSYoungGen      total 38912K, used 5201K [0x00000000f5580000, 0x00000000fa080000, 0x0000000100000000)
  eden space 29696K, 0% used [0x00000000f5580000,0x00000000f5580000,0x00000000f7280000)
  from space 9216K, 56% used [0x00000000f7280000,0x00000000f7794470,0x00000000f7b80000)
  to   space 8704K, 0% used [0x00000000f9800000,0x00000000f9800000,0x00000000fa080000)
 ParOldGen       total 81920K, used 6687K [0x00000000e0000000, 0x00000000e5000000, 0x00000000f5580000)
  object space 81920K, 8% used [0x00000000e0000000,0x00000000e0687ca8,0x00000000e5000000)
 Metaspace       used 14045K, capacity 14356K, committed 14592K, reserved 1062912K
  class space    used 1578K, capacity 1675K, committed 1792K, reserved 1048576K
}
Event: 6.946 GC heap before
{Heap before GC invocations=8 (full 0):
 PSYoungGen      total 38912K, used 34897K [0x00000000f5580000, 0x00000000fa080000, 0x0000000100000000)
  eden space 29696K, 100% used [0x00000000f5580000,0x00000000f7280000,0x00000000f7280000)
  from space 9216K, 56% used [0x00000000f7280000,0x00000000f7794470,0x00000000f7b80000)
  to   space 8704K, 0% used [0x00000000f9800000,0x00000000f9800000,0x00000000fa080000)
 ParOldGen       total 81920K, used 6687K [0x00000000e0000000, 0x00000000e5000000, 0x00000000f5580000)
  object space 81920K, 8% used [0x00000000e0000000,0x00000000e0687ca8,0x00000000e5000000)
 Metaspace       used 14188K, capacity 14564K, committed 14848K, reserved 1062912K
  class space    used 1579K, capacity 1675K, committed 1792K, reserved 1048576K
Event: 6.951 GC heap after
Heap after GC invocations=8 (full 0):
 PSYoungGen      total 68096K, used 3136K [0x00000000f5580000, 0x00000000fa080000, 0x0000000100000000)
  eden space 59392K, 0% used [0x00000000f5580000,0x00000000f5580000,0x00000000f8f80000)
  from space 8704K, 36% used [0x00000000f9800000,0x00000000f9b101e0,0x00000000fa080000)
  to   space 8704K, 0% used [0x00000000f8f80000,0x00000000f8f80000,0x00000000f9800000)
 ParOldGen       total 81920K, used 8020K [0x00000000e0000000, 0x00000000e5000000, 0x00000000f5580000)
  object space 81920K, 9% used [0x00000000e0000000,0x00000000e07d5380,0x00000000e5000000)
 Metaspace       used 14188K, capacity 14564K, committed 14848K, reserved 1062912K
  class space    used 1579K, capacity 1675K, committed 1792K, reserved 1048576K
}
Event: 7.216 GC heap before
{Heap before GC invocations=9 (full 0):
 PSYoungGen      total 68096K, used 62528K [0x00000000f5580000, 0x00000000fa080000, 0x0000000100000000)
  eden space 59392K, 100% used [0x00000000f5580000,0x00000000f8f80000,0x00000000f8f80000)
  from space 8704K, 36% used [0x00000000f9800000,0x00000000f9b101e0,0x00000000fa080000)
  to   space 8704K, 0% used [0x00000000f8f80000,0x00000000f8f80000,0x00000000f9800000)
 ParOldGen       total 81920K, used 8020K [0x00000000e0000000, 0x00000000e5000000, 0x00000000f5580000)
  object space 81920K, 9% used [0x00000000e0000000,0x00000000e07d5380,0x00000000e5000000)
 Metaspace       used 14328K, capacity 14700K, committed 15104K, reserved 1062912K
  class space    used 1581K, capacity 1675K, committed 1792K, reserved 1048576K
Event: 7.222 GC heap after
Heap after GC invocations=9 (full 0):
 PSYoungGen      total 68096K, used 638K [0x00000000f5580000, 0x00000000fc480000, 0x0000000100000000)
  eden space 59392K, 0% used [0x00000000f5580000,0x00000000f5580000,0x00000000f8f80000)
  from space 8704K, 7% used [0x00000000f8f80000,0x00000000f901fa08,0x00000000f9800000)
  to   space 9216K, 0% used [0x00000000fbb80000,0x00000000fbb80000,0x00000000fc480000)
 ParOldGen       total 81920K, used 10522K [0x00000000e0000000, 0x00000000e5000000, 0x00000000f5580000)
  object space 81920K, 12% used [0x00000000e0000000,0x00000000e0a46890,0x00000000e5000000)
 Metaspace       used 14328K, capacity 14700K, committed 15104K, reserved 1062912K
  class space    used 1581K, capacity 1675K, committed 1792K, reserved 1048576K
}
Event: 7.347 GC heap before
{Heap before GC invocations=10 (full 0):
 PSYoungGen      total 68096K, used 60030K [0x00000000f5580000, 0x00000000fc480000, 0x0000000100000000)
  eden space 59392K, 100% used [0x00000000f5580000,0x00000000f8f80000,0x00000000f8f80000)
  from space 8704K, 7% used [0x00000000f8f80000,0x00000000f901fa08,0x00000000f9800000)
  to   space 9216K, 0% used [0x00000000fbb80000,0x00000000fbb80000,0x00000000fc480000)
 ParOldGen       total 81920K, used 10522K [0x00000000e0000000, 0x00000000e5000000, 0x00000000f5580000)
  object space 81920K, 12% used [0x00000000e0000000,0x00000000e0a46890,0x00000000e5000000)
 Metaspace       used 14412K, capacity 14764K, committed 15104K, reserved 1062912K
  class space    used 1582K, capacity 1675K, committed 1792K, reserved 1048576K
Event: 7.352 GC heap after
Heap after GC invocations=10 (full 0):
 PSYoungGen      total 104448K, used 666K [0x00000000f5580000, 0x00000000fc480000, 0x0000000100000000)
  eden space 95232K, 0% used [0x00000000f5580000,0x00000000f5580000,0x00000000fb280000)
  from space 9216K, 7% used [0x00000000fbb80000,0x00000000fbc26838,0x00000000fc480000)
  to   space 9216K, 0% used [0x00000000fb280000,0x00000000fb280000,0x00000000fbb80000)
 ParOldGen       total 81920K, used 10903K [0x00000000e0000000, 0x00000000e5000000, 0x00000000f5580000)
  object space 81920K, 13% used [0x00000000e0000000,0x00000000e0aa5e28,0x00000000e5000000)
 Metaspace       used 14412K, capacity 14764K, committed 15104K, reserved 1062912K
  class space    used 1582K, capacity 1675K, committed 1792K, reserved 1048576K
}
Event: 7.590 GC heap before
{Heap before GC invocations=11 (full 0):
 PSYoungGen      total 104448K, used 95898K [0x00000000f5580000, 0x00000000fc480000, 0x0000000100000000)
  eden space 95232K, 100% used [0x00000000f5580000,0x00000000fb280000,0x00000000fb280000)
  from space 9216K, 7% used [0x00000000fbb80000,0x00000000fbc26838,0x00000000fc480000)
  to   space 9216K, 0% used [0x00000000fb280000,0x00000000fb280000,0x00000000fbb80000)
 ParOldGen       total 81920K, used 10903K [0x00000000e0000000, 0x00000000e5000000, 0x00000000f5580000)
  object space 81920K, 13% used [0x00000000e0000000,0x00000000e0aa5e28,0x00000000e5000000)
 Metaspace       used 14425K, capacity 14764K, committed 15104K, reserved 1062912K
  class space    used 1582K, capacity 1675K, committed 1792K, reserved 1048576K
Event: 7.594 GC heap after
Heap after GC invocations=11 (full 0):
 PSYoungGen      total 104448K, used 571K [0x00000000f5580000, 0x00000000ffc80000, 0x0000000100000000)
  eden space 95232K, 0% used [0x00000000f5580000,0x00000000f5580000,0x00000000fb280000)
  from space 9216K, 6% used [0x00000000fb280000,0x00000000fb30ee30,0x00000000fbb80000)
  to   space 9216K, 0% used [0x00000000ff380000,0x00000000ff380000,0x00000000ffc80000)
 ParOldGen       total 81920K, used 10966K [0x00000000e0000000, 0x00000000e5000000, 0x00000000f5580000)
  object space 81920K, 13% used [0x00000000e0000000,0x00000000e0ab5830,0x00000000e5000000)
 Metaspace       used 14425K, capacity 14764K, committed 15104K, reserved 1062912K
  class space    used 1582K, capacity 1675K, committed 1792K, reserved 1048576K
}

